# JRE version: OpenJDK Runtime Environment (8.0_76-b03) (build 1.8.0_76-release-b03)
# Java VM: OpenJDK 64-Bit Server VM (25.76-b03 mixed mode windows-amd64 compressed oops)
Heap:
 PSYoungGen      total 457216K, used 388582K [0x00000000e0000000, 0x00000000ff680000, 0x0000000100000000)
  eden space 402944K, 82% used [0x00000000e0000000,0x00000000f467f4c0,0x00000000f8980000)
  from space 54272K, 99% used [0x00000000fc180000,0x00000000ff67a590,0x00000000ff680000)
  to   space 55808K, 0% used [0x00000000f8980000,0x00000000f8980000,0x00000000fc000000)
 ParOldGen       total 208384K, used 94198K [0x00000000a0000000, 0x00000000acb80000, 0x00000000e0000000)
  object space 208384K, 45% used [0x00000000a0000000,0x00000000a5bfd908,0x00000000acb80000)
 Metaspace       used 77048K, capacity 81206K, committed 81280K, reserved 1120256K
  class space    used 9824K, capacity 10603K, committed 10624K, reserved 1048576K
GC Heap History (10 events):
Event: 1460.957 GC heap before
{Heap before GC invocations=40 (full 8):
 PSYoungGen      total 455168K, used 96K [0x00000000e0000000, 0x00000000ff980000, 0x0000000100000000)
  eden space 393728K, 0% used [0x00000000e0000000,0x00000000e0000000,0x00000000f8080000)
  from space 61440K, 0% used [0x00000000fbd80000,0x00000000fbd98000,0x00000000ff980000)
  to   space 61952K, 0% used [0x00000000f8080000,0x00000000f8080000,0x00000000fbd00000)
 ParOldGen       total 208384K, used 101711K [0x00000000a0000000, 0x00000000acb80000, 0x00000000e0000000)
  object space 208384K, 48% used [0x00000000a0000000,0x00000000a6353db8,0x00000000acb80000)
 Metaspace       used 76305K, capacity 80378K, committed 80512K, reserved 1120256K
  class space    used 9746K, capacity 10511K, committed 10624K, reserved 1048576K
Event: 1461.365 GC heap after
Heap after GC invocations=40 (full 8):
 PSYoungGen      total 455168K, used 0K [0x00000000e0000000, 0x00000000ff980000, 0x0000000100000000)
  eden space 393728K, 0% used [0x00000000e0000000,0x00000000e0000000,0x00000000f8080000)
  from space 61440K, 0% used [0x00000000fbd80000,0x00000000fbd80000,0x00000000ff980000)
  to   space 61952K, 0% used [0x00000000f8080000,0x00000000f8080000,0x00000000fbd00000)
 ParOldGen       total 208384K, used 57437K [0x00000000a0000000, 0x00000000acb80000, 0x00000000e0000000)
  object space 208384K, 27% used [0x00000000a0000000,0x00000000a3817788,0x00000000acb80000)
 Metaspace       used 76305K, capacity 80378K, committed 80512K, reserved 1120256K
  class space    used 9746K, capacity 10511K, committed 10624K, reserved 1048576K
}
Event: 1682.623 GC heap before
{Heap before GC invocations=41 (full 8):
 PSYoungGen      total 455168K, used 393483K [0x00000000e0000000, 0x00000000ff980000, 0x0000000100000000)
  eden space 393728K, 99% used [0x00000000e0000000,0x00000000f8042d18,0x00000000f8080000)
  from space 61440K, 0% used [0x00000000fbd80000,0x00000000fbd80000,0x00000000ff980000)
  to   space 61952K, 0% used [0x00000000f8080000,0x00000000f8080000,0x00000000fbd00000)
 ParOldGen       total 208384K, used 57437K [0x00000000a0000000, 0x00000000acb80000, 0x00000000e0000000)
  object space 208384K, 27% used [0x00000000a0000000,0x00000000a3817788,0x00000000acb80000)
 Metaspace       used 76645K, capacity 80798K, committed 81024K, reserved 1120256K
  class space    used 9761K, capacity 10531K, committed 10624K, reserved 1048576K
Event: 1682.639 GC heap after
Heap after GC invocations=41 (full 8):
 PSYoungGen      total 455680K, used 8288K [0x00000000e0000000, 0x00000000ffb80000, 0x0000000100000000)
  eden space 393728K, 0% used [0x00000000e0000000,0x00000000e0000000,0x00000000f8080000)
  from space 61952K, 13% used [0x00000000f8080000,0x00000000f8898000,0x00000000fbd00000)
  to   space 59392K, 0% used [0x00000000fc180000,0x00000000fc180000,0x00000000ffb80000)
 ParOldGen       total 208384K, used 57445K [0x00000000a0000000, 0x00000000acb80000, 0x00000000e0000000)
  object space 208384K, 27% used [0x00000000a0000000,0x00000000a3819788,0x00000000acb80000)
 Metaspace       used 76645K, capacity 80798K, committed 81024K, reserved 1120256K
  class space    used 9761K, capacity 10531K, committed 10624K, reserved 1048576K
}
Event: 1684.925 GC heap before
{Heap before GC invocations=42 (full 8):
 PSYoungGen      total 455680K, used 402016K [0x00000000e0000000, 0x00000000ffb80000, 0x0000000100000000)
  eden space 393728K, 100% used [0x00000000e0000000,0x00000000f8080000,0x00000000f8080000)
  from space 61952K, 13% used [0x00000000f8080000,0x00000000f8898000,0x00000000fbd00000)
  to   space 59392K, 0% used [0x00000000fc180000,0x00000000fc180000,0x00000000ffb80000)
 ParOldGen       total 208384K, used 57445K [0x00000000a0000000, 0x00000000acb80000, 0x00000000e0000000)
  object space 208384K, 27% used [0x00000000a0000000,0x00000000a3819788,0x00000000acb80000)
 Metaspace       used 77033K, capacity 81206K, committed 81280K, reserved 1120256K
  class space    used 9824K, capacity 10603K, committed 10624K, reserved 1048576K
Event: 1684.951 GC heap after
Heap after GC invocations=42 (full 8):
 PSYoungGen      total 457216K, used 15228K [0x00000000e0000000, 0x00000000ff680000, 0x0000000100000000)
  eden space 402944K, 0% used [0x00000000e0000000,0x00000000e0000000,0x00000000f8980000)
  from space 54272K, 28% used [0x00000000fc180000,0x00000000fd05f088,0x00000000ff680000)
  to   space 55808K, 0% used [0x00000000f8980000,0x00000000f8980000,0x00000000fc000000)
 ParOldGen       total 208384K, used 62444K [0x00000000a0000000, 0x00000000acb80000, 0x00000000e0000000)
  object space 208384K, 29% used [0x00000000a0000000,0x00000000a3cfb048,0x00000000acb80000)
 Metaspace       used 77033K, capacity 81206K, committed 81280K, reserved 1120256K
  class space    used 9824K, capacity 10603K, committed 10624K, reserved 1048576K
}
Event: 1686.224 GC heap before
{Heap before GC invocations=43 (full 8):
 PSYoungGen      total 457216K, used 418172K [0x00000000e0000000, 0x00000000ff680000, 0x0000000100000000)
  eden space 402944K, 100% used [0x00000000e0000000,0x00000000f8980000,0x00000000f8980000)
  from space 54272K, 28% used [0x00000000fc180000,0x00000000fd05f088,0x00000000ff680000)
  to   space 55808K, 0% used [0x00000000f8980000,0x00000000f8980000,0x00000000fc000000)
 ParOldGen       total 208384K, used 62444K [0x00000000a0000000, 0x00000000acb80000, 0x00000000e0000000)
  object space 208384K, 29% used [0x00000000a0000000,0x00000000a3cfb048,0x00000000acb80000)
 Metaspace       used 77034K, capacity 81206K, committed 81280K, reserved 1120256K
  class space    used 9824K, capacity 10603K, committed 10624K, reserved 1048576K
Event: 1686.265 GC heap after
Heap after GC invocations=43 (full 8):
 PSYoungGen      total 458752K, used 27006K [0x00000000e0000000, 0x00000000ff680000, 0x0000000100000000)
  eden space 402944K, 0% used [0x00000000e0000000,0x00000000e0000000,0x00000000f8980000)
  from space 55808K, 48% used [0x00000000f8980000,0x00000000fa3dfb78,0x00000000fc000000)
  to   space 54272K, 0% used [0x00000000fc180000,0x00000000fc180000,0x00000000ff680000)
 ParOldGen       total 208384K, used 65841K [0x00000000a0000000, 0x00000000acb80000, 0x00000000e0000000)
  object space 208384K, 31% used [0x00000000a0000000,0x00000000a404c580,0x00000000acb80000)
 Metaspace       used 77034K, capacity 81206K, committed 81280K, reserved 1120256K
  class space    used 9824K, capacity 10603K, committed 10624K, reserved 1048576K
}
Event: 1687.013 GC heap before
{Heap before GC invocations=44 (full 8):
 PSYoungGen      total 458752K, used 429950K [0x00000000e0000000, 0x00000000ff680000, 0x0000000100000000)
  eden space 402944K, 100% used [0x00000000e0000000,0x00000000f8980000,0x00000000f8980000)
  from space 55808K, 48% used [0x00000000f8980000,0x00000000fa3dfb78,0x00000000fc000000)
  to   space 54272K, 0% used [0x00000000fc180000,0x00000000fc180000,0x00000000ff680000)
 ParOldGen       total 208384K, used 65841K [0x00000000a0000000, 0x00000000acb80000, 0x00000000e0000000)
  object space 208384K, 31% used [0x00000000a0000000,0x00000000a404c580,0x00000000acb80000)
 Metaspace       used 77042K, capacity 81206K, committed 81280K, reserved 1120256K
  class space    used 9824K, capacity 10603K, committed 10624K, reserved 1048576K
Event: 1687.119 GC heap after
Heap after GC invocations=44 (full 8):
 PSYoungGen      total 457216K, used 54249K [0x00000000e0000000, 0x00000000ff680000, 0x0000000100000000)
  eden space 402944K, 0% used [0x00000000e0000000,0x00000000e0000000,0x00000000f8980000)
  from space 54272K, 99% used [0x00000000fc180000,0x00000000ff67a590,0x00000000ff680000)
  to   space 55808K, 0% used [0x00000000f8980000,0x00000000f8980000,0x00000000fc000000)
 ParOldGen       total 208384K, used 94198K [0x00000000a0000000, 0x00000000acb80000, 0x00000000e0000000)
  object space 208384K, 45% used [0x00000000a0000000,0x00000000a5bfd908,0x00000000acb80000)
 Metaspace       used 77042K, capacity 81206K, committed 81280K, reserved 1120256K
  class space    used 9824K, capacity 10603K, committed 10624K, reserved 1048576K
}

