# JRE version: OpenJDK Runtime Environment (8.0_76-b03) (build 1.8.0_76-release-b03)
# Java VM: OpenJDK 64-Bit Server VM (25.76-b03 mixed mode windows-amd64 compressed oops)
Heap:
 PSYoungGen      total 384000K, used 32518K [0x00000000e0000000, 0x00000000fff80000, 0x0000000100000000)
  eden space 309248K, 7% used [0x00000000e0000000,0x00000000e1760ee8,0x00000000f2e00000)
  from space 74752K, 11% used [0x00000000f7580000,0x00000000f7de0bf0,0x00000000fbe80000)
  to   space 73216K, 0% used [0x00000000f2e00000,0x00000000f2e00000,0x00000000f7580000)
 ParOldGen       total 148480K, used 36665K [0x00000000a0000000, 0x00000000a9100000, 0x00000000e0000000)
  object space 148480K, 24% used [0x00000000a0000000,0x00000000a23ce628,0x00000000a9100000)
 Metaspace       used 66727K, capacity 68616K, committed 68760K, reserved 1110016K
  class space    used 8401K, capacity 8816K, committed 8880K, reserved 1048576K
GC Heap History (10 events):
Event: 35.090 GC heap before
{Heap before GC invocations=28 (full 3):
 PSYoungGen      total 310272K, used 310259K [0x00000000e0000000, 0x00000000fa380000, 0x0000000100000000)
  eden space 247808K, 100% used [0x00000000e0000000,0x00000000ef200000,0x00000000ef200000)
  from space 62464K, 99% used [0x00000000f4080000,0x00000000f7d7cd70,0x00000000f7d80000)
  to   space 80384K, 0% used [0x00000000ef200000,0x00000000ef200000,0x00000000f4080000)
 ParOldGen       total 148480K, used 75205K [0x00000000a0000000, 0x00000000a9100000, 0x00000000e0000000)
  object space 148480K, 50% used [0x00000000a0000000,0x00000000a4971710,0x00000000a9100000)
 Metaspace       used 63221K, capacity 64930K, committed 65304K, reserved 1105920K
  class space    used 8075K, capacity 8453K, committed 8496K, reserved 1048576K
Event: 35.207 GC heap after
Heap after GC invocations=28 (full 3):
 PSYoungGen      total 328192K, used 41559K [0x00000000e0000000, 0x00000000fca00000, 0x0000000100000000)
  eden space 247808K, 0% used [0x00000000e0000000,0x00000000e0000000,0x00000000ef200000)
  from space 80384K, 51% used [0x00000000ef200000,0x00000000f1a95c58,0x00000000f4080000)
  to   space 79872K, 0% used [0x00000000f7c00000,0x00000000f7c00000,0x00000000fca00000)
 ParOldGen       total 148480K, used 79797K [0x00000000a0000000, 0x00000000a9100000, 0x00000000e0000000)
  object space 148480K, 53% used [0x00000000a0000000,0x00000000a4ded4d0,0x00000000a9100000)
 Metaspace       used 63221K, capacity 64930K, committed 65304K, reserved 1105920K
  class space    used 8075K, capacity 8453K, committed 8496K, reserved 1048576K
}
Event: 38.213 GC heap before
{Heap before GC invocations=29 (full 3):
 PSYoungGen      total 328192K, used 288567K [0x00000000e0000000, 0x00000000fca00000, 0x0000000100000000)
  eden space 247808K, 99% used [0x00000000e0000000,0x00000000ef1382e0,0x00000000ef200000)
  from space 80384K, 51% used [0x00000000ef200000,0x00000000f1a95c58,0x00000000f4080000)
  to   space 79872K, 0% used [0x00000000f7c00000,0x00000000f7c00000,0x00000000fca00000)
 ParOldGen       total 148480K, used 79797K [0x00000000a0000000, 0x00000000a9100000, 0x00000000e0000000)
  object space 148480K, 53% used [0x00000000a0000000,0x00000000a4ded4d0,0x00000000a9100000)
 Metaspace       used 64247K, capacity 65968K, committed 66200K, reserved 1107968K
  class space    used 8211K, capacity 8624K, committed 8624K, reserved 1048576K
Event: 38.347 GC heap after
Heap after GC invocations=29 (full 3):
 PSYoungGen      total 377856K, used 33096K [0x00000000e0000000, 0x00000000fc080000, 0x0000000100000000)
  eden space 307712K, 0% used [0x00000000e0000000,0x00000000e0000000,0x00000000f2c80000)
  from space 70144K, 47% used [0x00000000f7c00000,0x00000000f9c52240,0x00000000fc080000)
  to   space 75776K, 0% used [0x00000000f2c80000,0x00000000f2c80000,0x00000000f7680000)
 ParOldGen       total 148480K, used 89078K [0x00000000a0000000, 0x00000000a9100000, 0x00000000e0000000)
  object space 148480K, 59% used [0x00000000a0000000,0x00000000a56fdad8,0x00000000a9100000)
 Metaspace       used 64247K, capacity 65968K, committed 66200K, reserved 1107968K
  class space    used 8211K, capacity 8624K, committed 8624K, reserved 1048576K
}
Event: 38.679 GC heap before
{Heap before GC invocations=30 (full 3):
 PSYoungGen      total 377856K, used 206661K [0x00000000e0000000, 0x00000000fc080000, 0x0000000100000000)
  eden space 307712K, 56% used [0x00000000e0000000,0x00000000ea97f3f8,0x00000000f2c80000)
  from space 70144K, 47% used [0x00000000f7c00000,0x00000000f9c52240,0x00000000fc080000)
  to   space 75776K, 0% used [0x00000000f2c80000,0x00000000f2c80000,0x00000000f7680000)
 ParOldGen       total 148480K, used 89078K [0x00000000a0000000, 0x00000000a9100000, 0x00000000e0000000)
  object space 148480K, 59% used [0x00000000a0000000,0x00000000a56fdad8,0x00000000a9100000)
 Metaspace       used 65700K, capacity 67492K, committed 67736K, reserved 1107968K
  class space    used 8375K, capacity 8786K, committed 8880K, reserved 1048576K
Event: 38.721 GC heap after
Heap after GC invocations=30 (full 3):
 PSYoungGen      total 319488K, used 11695K [0x00000000e0000000, 0x00000000fbe80000, 0x0000000100000000)
  eden space 307712K, 0% used [0x00000000e0000000,0x00000000e0000000,0x00000000f2c80000)
  from space 11776K, 99% used [0x00000000f2c80000,0x00000000f37ebf78,0x00000000f3800000)
  to   space 74752K, 0% used [0x00000000f7580000,0x00000000f7580000,0x00000000fbe80000)
 ParOldGen       total 148480K, used 101995K [0x00000000a0000000, 0x00000000a9100000, 0x00000000e0000000)
  object space 148480K, 68% used [0x00000000a0000000,0x00000000a639afb8,0x00000000a9100000)
 Metaspace       used 65700K, capacity 67492K, committed 67736K, reserved 1107968K
  class space    used 8375K, capacity 8786K, committed 8880K, reserved 1048576K
}
Event: 38.721 GC heap before
{Heap before GC invocations=31 (full 4):
 PSYoungGen      total 319488K, used 11695K [0x00000000e0000000, 0x00000000fbe80000, 0x0000000100000000)
  eden space 307712K, 0% used [0x00000000e0000000,0x00000000e0000000,0x00000000f2c80000)
  from space 11776K, 99% used [0x00000000f2c80000,0x00000000f37ebf78,0x00000000f3800000)
  to   space 74752K, 0% used [0x00000000f7580000,0x00000000f7580000,0x00000000fbe80000)
 ParOldGen       total 148480K, used 101995K [0x00000000a0000000, 0x00000000a9100000, 0x00000000e0000000)
  object space 148480K, 68% used [0x00000000a0000000,0x00000000a639afb8,0x00000000a9100000)
 Metaspace       used 65700K, capacity 67492K, committed 67736K, reserved 1107968K
  class space    used 8375K, capacity 8786K, committed 8880K, reserved 1048576K
Event: 38.993 GC heap after
Heap after GC invocations=31 (full 4):
 PSYoungGen      total 319488K, used 0K [0x00000000e0000000, 0x00000000fbe80000, 0x0000000100000000)
  eden space 307712K, 0% used [0x00000000e0000000,0x00000000e0000000,0x00000000f2c80000)
  from space 11776K, 0% used [0x00000000f2c80000,0x00000000f2c80000,0x00000000f3800000)
  to   space 74752K, 0% used [0x00000000f7580000,0x00000000f7580000,0x00000000fbe80000)
 ParOldGen       total 148480K, used 36657K [0x00000000a0000000, 0x00000000a9100000, 0x00000000e0000000)
  object space 148480K, 24% used [0x00000000a0000000,0x00000000a23cc628,0x00000000a9100000)
 Metaspace       used 65696K, capacity 67484K, committed 67736K, reserved 1107968K
  class space    used 8374K, capacity 8784K, committed 8880K, reserved 1048576K
}
Event: 72.817 GC heap before
{Heap before GC invocations=32 (full 4):
 PSYoungGen      total 319488K, used 307712K [0x00000000e0000000, 0x00000000fbe80000, 0x0000000100000000)
  eden space 307712K, 100% used [0x00000000e0000000,0x00000000f2c80000,0x00000000f2c80000)
  from space 11776K, 0% used [0x00000000f2c80000,0x00000000f2c80000,0x00000000f3800000)
  to   space 74752K, 0% used [0x00000000f7580000,0x00000000f7580000,0x00000000fbe80000)
 ParOldGen       total 148480K, used 36657K [0x00000000a0000000, 0x00000000a9100000, 0x00000000e0000000)
  object space 148480K, 24% used [0x00000000a0000000,0x00000000a23cc628,0x00000000a9100000)
 Metaspace       used 66599K, capacity 68488K, committed 68760K, reserved 1110016K
  class space    used 8400K, capacity 8816K, committed 8880K, reserved 1048576K
Event: 72.873 GC heap after
Heap after GC invocations=32 (full 4):
 PSYoungGen      total 384000K, used 8578K [0x00000000e0000000, 0x00000000fff80000, 0x0000000100000000)
  eden space 309248K, 0% used [0x00000000e0000000,0x00000000e0000000,0x00000000f2e00000)
  from space 74752K, 11% used [0x00000000f7580000,0x00000000f7de0bf0,0x00000000fbe80000)
  to   space 73216K, 0% used [0x00000000f2e00000,0x00000000f2e00000,0x00000000f7580000)
 ParOldGen       total 148480K, used 36665K [0x00000000a0000000, 0x00000000a9100000, 0x00000000e0000000)
  object space 148480K, 24% used [0x00000000a0000000,0x00000000a23ce628,0x00000000a9100000)
 Metaspace       used 66599K, capacity 68488K, committed 68760K, reserved 1110016K
  class space    used 8400K, capacity 8816K, committed 8880K, reserved 1048576K
}

